mode: set
sources/m1/translation/translation.go:3.55,4.18 1 1
sources/m1/translation/translation.go:5.17,6.17 1 1
sources/m1/translation/translation.go:7.17,8.16 1 1
sources/m1/translation/translation.go:9.16,10.17 1 1
sources/m1/translation/translation.go:11.10,12.12 1 0
sources/m1/handlers/rest/translate.go:18.63,24.20 4 1
sources/m1/handlers/rest/translate.go:24.20,27.3 2 1
sources/m1/handlers/rest/translate.go:28.2,32.23 5 1
sources/m1/handlers/rest/translate.go:32.23,35.3 2 1
sources/m1/handlers/rest/translate.go:36.2,40.41 2 1
sources/m1/handlers/rest/translate.go:40.41,41.37 1 0
